[09-Mar-2017 19:58:35 UTC] PHP Fatal error:  Call to undefined method Illuminate\Http\Request::post() in /home/ubuntu/workspace/vendor/laravel/framework/src/Illuminate/Support/Facades/Facade.php on line 208
[09-Mar-2017 19:58:35 UTC] PHP Stack trace:
[09-Mar-2017 19:58:35 UTC] PHP   1. {main}() /home/ubuntu/workspace/public/index.php:0
[09-Mar-2017 19:58:35 UTC] PHP   2. Illuminate\Foundation\Application->run() /home/ubuntu/workspace/public/index.php:49
[09-Mar-2017 19:58:35 UTC] PHP   3. Stack\StackedHttpKernel->handle() /home/ubuntu/workspace/vendor/laravel/framework/src/Illuminate/Foundation/Application.php:641
[09-Mar-2017 19:58:35 UTC] PHP   4. Illuminate\Cookie\Guard->handle() /home/ubuntu/workspace/vendor/stack/builder/src/Stack/StackedHttpKernel.php:23
[09-Mar-2017 19:58:35 UTC] PHP   5. Illuminate\Cookie\Queue->handle() /home/ubuntu/workspace/vendor/laravel/framework/src/Illuminate/Cookie/Guard.php:51
[09-Mar-2017 19:58:35 UTC] PHP   6. Illuminate\Session\Middleware->handle() /home/ubuntu/workspace/vendor/laravel/framework/src/Illuminate/Cookie/Queue.php:47
[09-Mar-2017 19:58:35 UTC] PHP   7. Illuminate\Foundation\Application->handle() /home/ubuntu/workspace/vendor/laravel/framework/src/Illuminate/Session/Middleware.php:72
[09-Mar-2017 19:58:35 UTC] PHP   8. Illuminate\Foundation\Application->dispatch() /home/ubuntu/workspace/vendor/laravel/framework/src/Illuminate/Foundation/Application.php:745
[09-Mar-2017 19:58:35 UTC] PHP   9. Illuminate\Routing\Router->dispatch() /home/ubuntu/workspace/vendor/laravel/framework/src/Illuminate/Foundation/Application.php:781
[09-Mar-2017 19:58:35 UTC] PHP  10. Illuminate\Routing\Router->dispatchToRoute() /home/ubuntu/workspace/vendor/laravel/framework/src/Illuminate/Routing/Router.php:1001
[09-Mar-2017 19:58:35 UTC] PHP  11. Illuminate\Routing\Route->run() /home/ubuntu/workspace/vendor/laravel/framework/src/Illuminate/Routing/Router.php:1033
[09-Mar-2017 19:58:35 UTC] PHP  12. call_user_func_array:{/home/ubuntu/workspace/vendor/laravel/framework/src/Illuminate/Routing/Route.php:109}() /home/ubuntu/workspace/vendor/laravel/framework/src/Illuminate/Routing/Route.php:109
[09-Mar-2017 19:58:35 UTC] PHP  13. Illuminate\Routing\Router->Illuminate\Routing\{closure}() /home/ubuntu/workspace/vendor/laravel/framework/src/Illuminate/Routing/Route.php:109
[09-Mar-2017 19:58:35 UTC] PHP  14. Illuminate\Routing\ControllerDispatcher->dispatch() /home/ubuntu/workspace/vendor/laravel/framework/src/Illuminate/Routing/Router.php:967
[09-Mar-2017 19:58:35 UTC] PHP  15. Illuminate\Routing\ControllerDispatcher->call() /home/ubuntu/workspace/vendor/laravel/framework/src/Illuminate/Routing/ControllerDispatcher.php:62
[09-Mar-2017 19:58:35 UTC] PHP  16. Illuminate\Routing\Controller->callAction() /home/ubuntu/workspace/vendor/laravel/framework/src/Illuminate/Routing/ControllerDispatcher.php:93
[09-Mar-2017 19:58:35 UTC] PHP  17. call_user_func_array:{/home/ubuntu/workspace/vendor/laravel/framework/src/Illuminate/Routing/Controller.php:231}() /home/ubuntu/workspace/vendor/laravel/framework/src/Illuminate/Routing/Controller.php:231
[09-Mar-2017 19:58:35 UTC] PHP  18. SessionsController->store() /home/ubuntu/workspace/vendor/laravel/framework/src/Illuminate/Routing/Controller.php:231
[09-Mar-2017 19:58:35 UTC] PHP  19. Illuminate\Support\Facades\Input::post() /home/ubuntu/workspace/app/controllers/SessionsController.php:37
[09-Mar-2017 19:58:35 UTC] PHP  20. Illuminate\Support\Facades\Facade::__callStatic() /home/ubuntu/workspace/app/controllers/SessionsController.php:37
[13-Mar-2017 15:13:47 UTC] PHP Fatal error:  Call to undefined method Illuminate\Http\Request::post() in /home/ubuntu/workspace/vendor/laravel/framework/src/Illuminate/Support/Facades/Facade.php on line 208
[13-Mar-2017 15:13:47 UTC] PHP Stack trace:
[13-Mar-2017 15:13:47 UTC] PHP   1. {main}() /home/ubuntu/workspace/public/index.php:0
[13-Mar-2017 15:13:47 UTC] PHP   2. Illuminate\Foundation\Application->run() /home/ubuntu/workspace/public/index.php:49
[13-Mar-2017 15:13:47 UTC] PHP   3. Stack\StackedHttpKernel->handle() /home/ubuntu/workspace/vendor/laravel/framework/src/Illuminate/Foundation/Application.php:641
[13-Mar-2017 15:13:47 UTC] PHP   4. Illuminate\Cookie\Guard->handle() /home/ubuntu/workspace/vendor/stack/builder/src/Stack/StackedHttpKernel.php:23
[13-Mar-2017 15:13:47 UTC] PHP   5. Illuminate\Cookie\Queue->handle() /home/ubuntu/workspace/vendor/laravel/framework/src/Illuminate/Cookie/Guard.php:51
[13-Mar-2017 15:13:47 UTC] PHP   6. Illuminate\Session\Middleware->handle() /home/ubuntu/workspace/vendor/laravel/framework/src/Illuminate/Cookie/Queue.php:47
[13-Mar-2017 15:13:47 UTC] PHP   7. Illuminate\Foundation\Application->handle() /home/ubuntu/workspace/vendor/laravel/framework/src/Illuminate/Session/Middleware.php:72
[13-Mar-2017 15:13:47 UTC] PHP   8. Illuminate\Foundation\Application->dispatch() /home/ubuntu/workspace/vendor/laravel/framework/src/Illuminate/Foundation/Application.php:745
[13-Mar-2017 15:13:47 UTC] PHP   9. Illuminate\Routing\Router->dispatch() /home/ubuntu/workspace/vendor/laravel/framework/src/Illuminate/Foundation/Application.php:781
[13-Mar-2017 15:13:47 UTC] PHP  10. Illuminate\Routing\Router->dispatchToRoute() /home/ubuntu/workspace/vendor/laravel/framework/src/Illuminate/Routing/Router.php:1001
[13-Mar-2017 15:13:47 UTC] PHP  11. Illuminate\Routing\Route->run() /home/ubuntu/workspace/vendor/laravel/framework/src/Illuminate/Routing/Router.php:1033
[13-Mar-2017 15:13:47 UTC] PHP  12. call_user_func_array:{/home/ubuntu/workspace/vendor/laravel/framework/src/Illuminate/Routing/Route.php:109}() /home/ubuntu/workspace/vendor/laravel/framework/src/Illuminate/Routing/Route.php:109
[13-Mar-2017 15:13:47 UTC] PHP  13. Illuminate\Routing\Router->Illuminate\Routing\{closure}() /home/ubuntu/workspace/vendor/laravel/framework/src/Illuminate/Routing/Route.php:109
[13-Mar-2017 15:13:47 UTC] PHP  14. Illuminate\Routing\ControllerDispatcher->dispatch() /home/ubuntu/workspace/vendor/laravel/framework/src/Illuminate/Routing/Router.php:967
[13-Mar-2017 15:13:47 UTC] PHP  15. Illuminate\Routing\ControllerDispatcher->call() /home/ubuntu/workspace/vendor/laravel/framework/src/Illuminate/Routing/ControllerDispatcher.php:62
[13-Mar-2017 15:13:47 UTC] PHP  16. Illuminate\Routing\Controller->callAction() /home/ubuntu/workspace/vendor/laravel/framework/src/Illuminate/Routing/ControllerDispatcher.php:93
[13-Mar-2017 15:13:47 UTC] PHP  17. call_user_func_array:{/home/ubuntu/workspace/vendor/laravel/framework/src/Illuminate/Routing/Controller.php:231}() /home/ubuntu/workspace/vendor/laravel/framework/src/Illuminate/Routing/Controller.php:231
[13-Mar-2017 15:13:47 UTC] PHP  18. SessionsController->create() /home/ubuntu/workspace/vendor/laravel/framework/src/Illuminate/Routing/Controller.php:231
[13-Mar-2017 15:13:47 UTC] PHP  19. Illuminate\Support\Facades\Input::post() /home/ubuntu/workspace/app/controllers/SessionsController.php:26
[13-Mar-2017 15:13:47 UTC] PHP  20. Illuminate\Support\Facades\Facade::__callStatic() /home/ubuntu/workspace/app/controllers/SessionsController.php:26
[13-Mar-2017 15:31:22 UTC] PHP Fatal error:  Call to undefined method Illuminate\Http\Request::post() in /home/ubuntu/workspace/vendor/laravel/framework/src/Illuminate/Support/Facades/Facade.php on line 208
[13-Mar-2017 15:31:22 UTC] PHP Stack trace:
[13-Mar-2017 15:31:22 UTC] PHP   1. {main}() /home/ubuntu/workspace/public/index.php:0
[13-Mar-2017 15:31:22 UTC] PHP   2. Illuminate\Foundation\Application->run() /home/ubuntu/workspace/public/index.php:49
[13-Mar-2017 15:31:22 UTC] PHP   3. Stack\StackedHttpKernel->handle() /home/ubuntu/workspace/vendor/laravel/framework/src/Illuminate/Foundation/Application.php:641
[13-Mar-2017 15:31:22 UTC] PHP   4. Illuminate\Cookie\Guard->handle() /home/ubuntu/workspace/vendor/stack/builder/src/Stack/StackedHttpKernel.php:23
[13-Mar-2017 15:31:22 UTC] PHP   5. Illuminate\Cookie\Queue->handle() /home/ubuntu/workspace/vendor/laravel/framework/src/Illuminate/Cookie/Guard.php:51
[13-Mar-2017 15:31:22 UTC] PHP   6. Illuminate\Session\Middleware->handle() /home/ubuntu/workspace/vendor/laravel/framework/src/Illuminate/Cookie/Queue.php:47
[13-Mar-2017 15:31:22 UTC] PHP   7. Illuminate\Foundation\Application->handle() /home/ubuntu/workspace/vendor/laravel/framework/src/Illuminate/Session/Middleware.php:72
[13-Mar-2017 15:31:22 UTC] PHP   8. Illuminate\Foundation\Application->dispatch() /home/ubuntu/workspace/vendor/laravel/framework/src/Illuminate/Foundation/Application.php:745
[13-Mar-2017 15:31:22 UTC] PHP   9. Illuminate\Routing\Router->dispatch() /home/ubuntu/workspace/vendor/laravel/framework/src/Illuminate/Foundation/Application.php:781
[13-Mar-2017 15:31:22 UTC] PHP  10. Illuminate\Routing\Router->dispatchToRoute() /home/ubuntu/workspace/vendor/laravel/framework/src/Illuminate/Routing/Router.php:1001
[13-Mar-2017 15:31:22 UTC] PHP  11. Illuminate\Routing\Route->run() /home/ubuntu/workspace/vendor/laravel/framework/src/Illuminate/Routing/Router.php:1033
[13-Mar-2017 15:31:22 UTC] PHP  12. call_user_func_array:{/home/ubuntu/workspace/vendor/laravel/framework/src/Illuminate/Routing/Route.php:109}() /home/ubuntu/workspace/vendor/laravel/framework/src/Illuminate/Routing/Route.php:109
[13-Mar-2017 15:31:22 UTC] PHP  13. Illuminate\Routing\Router->Illuminate\Routing\{closure}() /home/ubuntu/workspace/vendor/laravel/framework/src/Illuminate/Routing/Route.php:109
[13-Mar-2017 15:31:22 UTC] PHP  14. Illuminate\Routing\ControllerDispatcher->dispatch() /home/ubuntu/workspace/vendor/laravel/framework/src/Illuminate/Routing/Router.php:967
[13-Mar-2017 15:31:22 UTC] PHP  15. Illuminate\Routing\ControllerDispatcher->call() /home/ubuntu/workspace/vendor/laravel/framework/src/Illuminate/Routing/ControllerDispatcher.php:62
[13-Mar-2017 15:31:22 UTC] PHP  16. Illuminate\Routing\Controller->callAction() /home/ubuntu/workspace/vendor/laravel/framework/src/Illuminate/Routing/ControllerDispatcher.php:93
[13-Mar-2017 15:31:22 UTC] PHP  17. call_user_func_array:{/home/ubuntu/workspace/vendor/laravel/framework/src/Illuminate/Routing/Controller.php:231}() /home/ubuntu/workspace/vendor/laravel/framework/src/Illuminate/Routing/Controller.php:231
[13-Mar-2017 15:31:22 UTC] PHP  18. SessionsController->store() /home/ubuntu/workspace/vendor/laravel/framework/src/Illuminate/Routing/Controller.php:231
[13-Mar-2017 15:31:22 UTC] PHP  19. Illuminate\Support\Facades\Input::post() /home/ubuntu/workspace/app/controllers/SessionsController.php:45
[13-Mar-2017 15:31:22 UTC] PHP  20. Illuminate\Support\Facades\Facade::__callStatic() /home/ubuntu/workspace/app/controllers/SessionsController.php:45
[13-Mar-2017 15:32:29 UTC] PHP Fatal error:  Call to undefined method Illuminate\Http\Request::post() in /home/ubuntu/workspace/vendor/laravel/framework/src/Illuminate/Support/Facades/Facade.php on line 208
[13-Mar-2017 15:32:29 UTC] PHP Stack trace:
[13-Mar-2017 15:32:29 UTC] PHP   1. {main}() /home/ubuntu/workspace/public/index.php:0
[13-Mar-2017 15:32:29 UTC] PHP   2. Illuminate\Foundation\Application->run() /home/ubuntu/workspace/public/index.php:49
[13-Mar-2017 15:32:29 UTC] PHP   3. Stack\StackedHttpKernel->handle() /home/ubuntu/workspace/vendor/laravel/framework/src/Illuminate/Foundation/Application.php:641
[13-Mar-2017 15:32:29 UTC] PHP   4. Illuminate\Cookie\Guard->handle() /home/ubuntu/workspace/vendor/stack/builder/src/Stack/StackedHttpKernel.php:23
[13-Mar-2017 15:32:29 UTC] PHP   5. Illuminate\Cookie\Queue->handle() /home/ubuntu/workspace/vendor/laravel/framework/src/Illuminate/Cookie/Guard.php:51
[13-Mar-2017 15:32:29 UTC] PHP   6. Illuminate\Session\Middleware->handle() /home/ubuntu/workspace/vendor/laravel/framework/src/Illuminate/Cookie/Queue.php:47
[13-Mar-2017 15:32:29 UTC] PHP   7. Illuminate\Foundation\Application->handle() /home/ubuntu/workspace/vendor/laravel/framework/src/Illuminate/Session/Middleware.php:72
[13-Mar-2017 15:32:29 UTC] PHP   8. Illuminate\Foundation\Application->dispatch() /home/ubuntu/workspace/vendor/laravel/framework/src/Illuminate/Foundation/Application.php:745
[13-Mar-2017 15:32:29 UTC] PHP   9. Illuminate\Routing\Router->dispatch() /home/ubuntu/workspace/vendor/laravel/framework/src/Illuminate/Foundation/Application.php:781
[13-Mar-2017 15:32:29 UTC] PHP  10. Illuminate\Routing\Router->dispatchToRoute() /home/ubuntu/workspace/vendor/laravel/framework/src/Illuminate/Routing/Router.php:1001
[13-Mar-2017 15:32:29 UTC] PHP  11. Illuminate\Routing\Route->run() /home/ubuntu/workspace/vendor/laravel/framework/src/Illuminate/Routing/Router.php:1033
[13-Mar-2017 15:32:29 UTC] PHP  12. call_user_func_array:{/home/ubuntu/workspace/vendor/laravel/framework/src/Illuminate/Routing/Route.php:109}() /home/ubuntu/workspace/vendor/laravel/framework/src/Illuminate/Routing/Route.php:109
[13-Mar-2017 15:32:29 UTC] PHP  13. Illuminate\Routing\Router->Illuminate\Routing\{closure}() /home/ubuntu/workspace/vendor/laravel/framework/src/Illuminate/Routing/Route.php:109
[13-Mar-2017 15:32:29 UTC] PHP  14. Illuminate\Routing\ControllerDispatcher->dispatch() /home/ubuntu/workspace/vendor/laravel/framework/src/Illuminate/Routing/Router.php:967
[13-Mar-2017 15:32:29 UTC] PHP  15. Illuminate\Routing\ControllerDispatcher->call() /home/ubuntu/workspace/vendor/laravel/framework/src/Illuminate/Routing/ControllerDispatcher.php:62
[13-Mar-2017 15:32:29 UTC] PHP  16. Illuminate\Routing\Controller->callAction() /home/ubuntu/workspace/vendor/laravel/framework/src/Illuminate/Routing/ControllerDispatcher.php:93
[13-Mar-2017 15:32:29 UTC] PHP  17. call_user_func_array:{/home/ubuntu/workspace/vendor/laravel/framework/src/Illuminate/Routing/Controller.php:231}() /home/ubuntu/workspace/vendor/laravel/framework/src/Illuminate/Routing/Controller.php:231
[13-Mar-2017 15:32:29 UTC] PHP  18. SessionsController->store() /home/ubuntu/workspace/vendor/laravel/framework/src/Illuminate/Routing/Controller.php:231
[13-Mar-2017 15:32:29 UTC] PHP  19. Illuminate\Support\Facades\Input::post() /home/ubuntu/workspace/app/controllers/SessionsController.php:45
[13-Mar-2017 15:32:29 UTC] PHP  20. Illuminate\Support\Facades\Facade::__callStatic() /home/ubuntu/workspace/app/controllers/SessionsController.php:45
[13-Mar-2017 15:32:45 UTC] PHP Fatal error:  Call to undefined method Illuminate\Http\Request::post() in /home/ubuntu/workspace/vendor/laravel/framework/src/Illuminate/Support/Facades/Facade.php on line 208
[13-Mar-2017 15:32:45 UTC] PHP Stack trace:
[13-Mar-2017 15:32:45 UTC] PHP   1. {main}() /home/ubuntu/workspace/public/index.php:0
[13-Mar-2017 15:32:45 UTC] PHP   2. Illuminate\Foundation\Application->run() /home/ubuntu/workspace/public/index.php:49
[13-Mar-2017 15:32:45 UTC] PHP   3. Stack\StackedHttpKernel->handle() /home/ubuntu/workspace/vendor/laravel/framework/src/Illuminate/Foundation/Application.php:641
[13-Mar-2017 15:32:45 UTC] PHP   4. Illuminate\Cookie\Guard->handle() /home/ubuntu/workspace/vendor/stack/builder/src/Stack/StackedHttpKernel.php:23
[13-Mar-2017 15:32:45 UTC] PHP   5. Illuminate\Cookie\Queue->handle() /home/ubuntu/workspace/vendor/laravel/framework/src/Illuminate/Cookie/Guard.php:51
[13-Mar-2017 15:32:45 UTC] PHP   6. Illuminate\Session\Middleware->handle() /home/ubuntu/workspace/vendor/laravel/framework/src/Illuminate/Cookie/Queue.php:47
[13-Mar-2017 15:32:45 UTC] PHP   7. Illuminate\Foundation\Application->handle() /home/ubuntu/workspace/vendor/laravel/framework/src/Illuminate/Session/Middleware.php:72
[13-Mar-2017 15:32:45 UTC] PHP   8. Illuminate\Foundation\Application->dispatch() /home/ubuntu/workspace/vendor/laravel/framework/src/Illuminate/Foundation/Application.php:745
[13-Mar-2017 15:32:45 UTC] PHP   9. Illuminate\Routing\Router->dispatch() /home/ubuntu/workspace/vendor/laravel/framework/src/Illuminate/Foundation/Application.php:781
[13-Mar-2017 15:32:45 UTC] PHP  10. Illuminate\Routing\Router->dispatchToRoute() /home/ubuntu/workspace/vendor/laravel/framework/src/Illuminate/Routing/Router.php:1001
[13-Mar-2017 15:32:45 UTC] PHP  11. Illuminate\Routing\Route->run() /home/ubuntu/workspace/vendor/laravel/framework/src/Illuminate/Routing/Router.php:1033
[13-Mar-2017 15:32:45 UTC] PHP  12. call_user_func_array:{/home/ubuntu/workspace/vendor/laravel/framework/src/Illuminate/Routing/Route.php:109}() /home/ubuntu/workspace/vendor/laravel/framework/src/Illuminate/Routing/Route.php:109
[13-Mar-2017 15:32:45 UTC] PHP  13. Illuminate\Routing\Router->Illuminate\Routing\{closure}() /home/ubuntu/workspace/vendor/laravel/framework/src/Illuminate/Routing/Route.php:109
[13-Mar-2017 15:32:45 UTC] PHP  14. Illuminate\Routing\ControllerDispatcher->dispatch() /home/ubuntu/workspace/vendor/laravel/framework/src/Illuminate/Routing/Router.php:967
[13-Mar-2017 15:32:45 UTC] PHP  15. Illuminate\Routing\ControllerDispatcher->call() /home/ubuntu/workspace/vendor/laravel/framework/src/Illuminate/Routing/ControllerDispatcher.php:62
[13-Mar-2017 15:32:45 UTC] PHP  16. Illuminate\Routing\Controller->callAction() /home/ubuntu/workspace/vendor/laravel/framework/src/Illuminate/Routing/ControllerDispatcher.php:93
[13-Mar-2017 15:32:45 UTC] PHP  17. call_user_func_array:{/home/ubuntu/workspace/vendor/laravel/framework/src/Illuminate/Routing/Controller.php:231}() /home/ubuntu/workspace/vendor/laravel/framework/src/Illuminate/Routing/Controller.php:231
[13-Mar-2017 15:32:45 UTC] PHP  18. SessionsController->store() /home/ubuntu/workspace/vendor/laravel/framework/src/Illuminate/Routing/Controller.php:231
[13-Mar-2017 15:32:45 UTC] PHP  19. Illuminate\Support\Facades\Input::post() /home/ubuntu/workspace/app/controllers/SessionsController.php:45
[13-Mar-2017 15:32:45 UTC] PHP  20. Illuminate\Support\Facades\Facade::__callStatic() /home/ubuntu/workspace/app/controllers/SessionsController.php:45
[13-Mar-2017 15:34:18 UTC] PHP Fatal error:  Call to undefined method Illuminate\Http\Request::post() in /home/ubuntu/workspace/vendor/laravel/framework/src/Illuminate/Support/Facades/Facade.php on line 208
[13-Mar-2017 15:34:18 UTC] PHP Stack trace:
[13-Mar-2017 15:34:18 UTC] PHP   1. {main}() /home/ubuntu/workspace/public/index.php:0
[13-Mar-2017 15:34:18 UTC] PHP   2. Illuminate\Foundation\Application->run() /home/ubuntu/workspace/public/index.php:49
[13-Mar-2017 15:34:18 UTC] PHP   3. Stack\StackedHttpKernel->handle() /home/ubuntu/workspace/vendor/laravel/framework/src/Illuminate/Foundation/Application.php:641
[13-Mar-2017 15:34:18 UTC] PHP   4. Illuminate\Cookie\Guard->handle() /home/ubuntu/workspace/vendor/stack/builder/src/Stack/StackedHttpKernel.php:23
[13-Mar-2017 15:34:18 UTC] PHP   5. Illuminate\Cookie\Queue->handle() /home/ubuntu/workspace/vendor/laravel/framework/src/Illuminate/Cookie/Guard.php:51
[13-Mar-2017 15:34:18 UTC] PHP   6. Illuminate\Session\Middleware->handle() /home/ubuntu/workspace/vendor/laravel/framework/src/Illuminate/Cookie/Queue.php:47
[13-Mar-2017 15:34:18 UTC] PHP   7. Illuminate\Foundation\Application->handle() /home/ubuntu/workspace/vendor/laravel/framework/src/Illuminate/Session/Middleware.php:72
[13-Mar-2017 15:34:18 UTC] PHP   8. Illuminate\Foundation\Application->dispatch() /home/ubuntu/workspace/vendor/laravel/framework/src/Illuminate/Foundation/Application.php:745
[13-Mar-2017 15:34:18 UTC] PHP   9. Illuminate\Routing\Router->dispatch() /home/ubuntu/workspace/vendor/laravel/framework/src/Illuminate/Foundation/Application.php:781
[13-Mar-2017 15:34:18 UTC] PHP  10. Illuminate\Routing\Router->dispatchToRoute() /home/ubuntu/workspace/vendor/laravel/framework/src/Illuminate/Routing/Router.php:1001
[13-Mar-2017 15:34:18 UTC] PHP  11. Illuminate\Routing\Route->run() /home/ubuntu/workspace/vendor/laravel/framework/src/Illuminate/Routing/Router.php:1033
[13-Mar-2017 15:34:18 UTC] PHP  12. call_user_func_array:{/home/ubuntu/workspace/vendor/laravel/framework/src/Illuminate/Routing/Route.php:109}() /home/ubuntu/workspace/vendor/laravel/framework/src/Illuminate/Routing/Route.php:109
[13-Mar-2017 15:34:18 UTC] PHP  13. Illuminate\Routing\Router->Illuminate\Routing\{closure}() /home/ubuntu/workspace/vendor/laravel/framework/src/Illuminate/Routing/Route.php:109
[13-Mar-2017 15:34:18 UTC] PHP  14. Illuminate\Routing\ControllerDispatcher->dispatch() /home/ubuntu/workspace/vendor/laravel/framework/src/Illuminate/Routing/Router.php:967
[13-Mar-2017 15:34:18 UTC] PHP  15. Illuminate\Routing\ControllerDispatcher->call() /home/ubuntu/workspace/vendor/laravel/framework/src/Illuminate/Routing/ControllerDispatcher.php:62
[13-Mar-2017 15:34:18 UTC] PHP  16. Illuminate\Routing\Controller->callAction() /home/ubuntu/workspace/vendor/laravel/framework/src/Illuminate/Routing/ControllerDispatcher.php:93
[13-Mar-2017 15:34:18 UTC] PHP  17. call_user_func_array:{/home/ubuntu/workspace/vendor/laravel/framework/src/Illuminate/Routing/Controller.php:231}() /home/ubuntu/workspace/vendor/laravel/framework/src/Illuminate/Routing/Controller.php:231
[13-Mar-2017 15:34:18 UTC] PHP  18. SessionsController->store() /home/ubuntu/workspace/vendor/laravel/framework/src/Illuminate/Routing/Controller.php:231
[13-Mar-2017 15:34:18 UTC] PHP  19. Illuminate\Support\Facades\Input::post() /home/ubuntu/workspace/app/controllers/SessionsController.php:45
[13-Mar-2017 15:34:18 UTC] PHP  20. Illuminate\Support\Facades\Facade::__callStatic() /home/ubuntu/workspace/app/controllers/SessionsController.php:45
[13-Mar-2017 15:35:25 UTC] PHP Fatal error:  Call to undefined method Illuminate\Http\Request::post() in /home/ubuntu/workspace/vendor/laravel/framework/src/Illuminate/Support/Facades/Facade.php on line 208
[13-Mar-2017 15:35:25 UTC] PHP Stack trace:
[13-Mar-2017 15:35:25 UTC] PHP   1. {main}() /home/ubuntu/workspace/public/index.php:0
[13-Mar-2017 15:35:25 UTC] PHP   2. Illuminate\Foundation\Application->run() /home/ubuntu/workspace/public/index.php:49
[13-Mar-2017 15:35:25 UTC] PHP   3. Stack\StackedHttpKernel->handle() /home/ubuntu/workspace/vendor/laravel/framework/src/Illuminate/Foundation/Application.php:641
[13-Mar-2017 15:35:25 UTC] PHP   4. Illuminate\Cookie\Guard->handle() /home/ubuntu/workspace/vendor/stack/builder/src/Stack/StackedHttpKernel.php:23
[13-Mar-2017 15:35:25 UTC] PHP   5. Illuminate\Cookie\Queue->handle() /home/ubuntu/workspace/vendor/laravel/framework/src/Illuminate/Cookie/Guard.php:51
[13-Mar-2017 15:35:25 UTC] PHP   6. Illuminate\Session\Middleware->handle() /home/ubuntu/workspace/vendor/laravel/framework/src/Illuminate/Cookie/Queue.php:47
[13-Mar-2017 15:35:25 UTC] PHP   7. Illuminate\Foundation\Application->handle() /home/ubuntu/workspace/vendor/laravel/framework/src/Illuminate/Session/Middleware.php:72
[13-Mar-2017 15:35:25 UTC] PHP   8. Illuminate\Foundation\Application->dispatch() /home/ubuntu/workspace/vendor/laravel/framework/src/Illuminate/Foundation/Application.php:745
[13-Mar-2017 15:35:25 UTC] PHP   9. Illuminate\Routing\Router->dispatch() /home/ubuntu/workspace/vendor/laravel/framework/src/Illuminate/Foundation/Application.php:781
[13-Mar-2017 15:35:25 UTC] PHP  10. Illuminate\Routing\Router->dispatchToRoute() /home/ubuntu/workspace/vendor/laravel/framework/src/Illuminate/Routing/Router.php:1001
[13-Mar-2017 15:35:25 UTC] PHP  11. Illuminate\Routing\Route->run() /home/ubuntu/workspace/vendor/laravel/framework/src/Illuminate/Routing/Router.php:1033
[13-Mar-2017 15:35:25 UTC] PHP  12. call_user_func_array:{/home/ubuntu/workspace/vendor/laravel/framework/src/Illuminate/Routing/Route.php:109}() /home/ubuntu/workspace/vendor/laravel/framework/src/Illuminate/Routing/Route.php:109
[13-Mar-2017 15:35:25 UTC] PHP  13. Illuminate\Routing\Router->Illuminate\Routing\{closure}() /home/ubuntu/workspace/vendor/laravel/framework/src/Illuminate/Routing/Route.php:109
[13-Mar-2017 15:35:25 UTC] PHP  14. Illuminate\Routing\ControllerDispatcher->dispatch() /home/ubuntu/workspace/vendor/laravel/framework/src/Illuminate/Routing/Router.php:967
[13-Mar-2017 15:35:25 UTC] PHP  15. Illuminate\Routing\ControllerDispatcher->call() /home/ubuntu/workspace/vendor/laravel/framework/src/Illuminate/Routing/ControllerDispatcher.php:62
[13-Mar-2017 15:35:25 UTC] PHP  16. Illuminate\Routing\Controller->callAction() /home/ubuntu/workspace/vendor/laravel/framework/src/Illuminate/Routing/ControllerDispatcher.php:93
[13-Mar-2017 15:35:25 UTC] PHP  17. call_user_func_array:{/home/ubuntu/workspace/vendor/laravel/framework/src/Illuminate/Routing/Controller.php:231}() /home/ubuntu/workspace/vendor/laravel/framework/src/Illuminate/Routing/Controller.php:231
[13-Mar-2017 15:35:25 UTC] PHP  18. SessionsController->store() /home/ubuntu/workspace/vendor/laravel/framework/src/Illuminate/Routing/Controller.php:231
[13-Mar-2017 15:35:25 UTC] PHP  19. Illuminate\Support\Facades\Input::post() /home/ubuntu/workspace/app/controllers/SessionsController.php:45
[13-Mar-2017 15:35:25 UTC] PHP  20. Illuminate\Support\Facades\Facade::__callStatic() /home/ubuntu/workspace/app/controllers/SessionsController.php:45
[13-Mar-2017 16:09:04 UTC] PHP Parse error:  syntax error, unexpected ';' in /home/ubuntu/workspace/app/controllers/SessionsController.php on line 29
[13-Mar-2017 16:09:04 UTC] PHP Stack trace:
[13-Mar-2017 16:09:04 UTC] PHP   1. {main}() /home/ubuntu/workspace/public/index.php:0
[13-Mar-2017 16:09:04 UTC] PHP   2. Illuminate\Foundation\Application->run() /home/ubuntu/workspace/public/index.php:49
[13-Mar-2017 16:09:04 UTC] PHP   3. Stack\StackedHttpKernel->handle() /home/ubuntu/workspace/vendor/laravel/framework/src/Illuminate/Foundation/Application.php:641
[13-Mar-2017 16:09:04 UTC] PHP   4. Illuminate\Cookie\Guard->handle() /home/ubuntu/workspace/vendor/stack/builder/src/Stack/StackedHttpKernel.php:23
[13-Mar-2017 16:09:04 UTC] PHP   5. Illuminate\Cookie\Queue->handle() /home/ubuntu/workspace/vendor/laravel/framework/src/Illuminate/Cookie/Guard.php:51
[13-Mar-2017 16:09:04 UTC] PHP   6. Illuminate\Session\Middleware->handle() /home/ubuntu/workspace/vendor/laravel/framework/src/Illuminate/Cookie/Queue.php:47
[13-Mar-2017 16:09:04 UTC] PHP   7. Illuminate\Foundation\Application->handle() /home/ubuntu/workspace/vendor/laravel/framework/src/Illuminate/Session/Middleware.php:72
[13-Mar-2017 16:09:04 UTC] PHP   8. Illuminate\Foundation\Application->dispatch() /home/ubuntu/workspace/vendor/laravel/framework/src/Illuminate/Foundation/Application.php:745
[13-Mar-2017 16:09:04 UTC] PHP   9. Illuminate\Routing\Router->dispatch() /home/ubuntu/workspace/vendor/laravel/framework/src/Illuminate/Foundation/Application.php:781
[13-Mar-2017 16:09:04 UTC] PHP  10. Illuminate\Routing\Router->dispatchToRoute() /home/ubuntu/workspace/vendor/laravel/framework/src/Illuminate/Routing/Router.php:1001
[13-Mar-2017 16:09:04 UTC] PHP  11. Illuminate\Routing\Route->run() /home/ubuntu/workspace/vendor/laravel/framework/src/Illuminate/Routing/Router.php:1033
[13-Mar-2017 16:09:04 UTC] PHP  12. call_user_func_array:{/home/ubuntu/workspace/vendor/laravel/framework/src/Illuminate/Routing/Route.php:109}() /home/ubuntu/workspace/vendor/laravel/framework/src/Illuminate/Routing/Route.php:109
[13-Mar-2017 16:09:04 UTC] PHP  13. Illuminate\Routing\Router->Illuminate\Routing\{closure}() /home/ubuntu/workspace/vendor/laravel/framework/src/Illuminate/Routing/Route.php:109
[13-Mar-2017 16:09:04 UTC] PHP  14. Illuminate\Routing\ControllerDispatcher->dispatch() /home/ubuntu/workspace/vendor/laravel/framework/src/Illuminate/Routing/Router.php:967
[13-Mar-2017 16:09:04 UTC] PHP  15. Illuminate\Routing\ControllerDispatcher->makeController() /home/ubuntu/workspace/vendor/laravel/framework/src/Illuminate/Routing/ControllerDispatcher.php:51
[13-Mar-2017 16:09:04 UTC] PHP  16. Illuminate\Foundation\Application->make() /home/ubuntu/workspace/vendor/laravel/framework/src/Illuminate/Routing/ControllerDispatcher.php:78
[13-Mar-2017 16:09:04 UTC] PHP  17. Illuminate\Container\Container->make() /home/ubuntu/workspace/vendor/laravel/framework/src/Illuminate/Foundation/Application.php:462
[13-Mar-2017 16:09:04 UTC] PHP  18. Illuminate\Container\Container->build() /home/ubuntu/workspace/vendor/laravel/framework/src/Illuminate/Container/Container.php:428
[13-Mar-2017 16:09:04 UTC] PHP  19. ReflectionClass->__construct() /home/ubuntu/workspace/vendor/laravel/framework/src/Illuminate/Container/Container.php:504
[13-Mar-2017 16:09:04 UTC] PHP  20. spl_autoload_call() /home/ubuntu/workspace/vendor/laravel/framework/src/Illuminate/Container/Container.php:504
[13-Mar-2017 16:09:04 UTC] PHP  21. Illuminate\Support\ClassLoader::load() /home/ubuntu/workspace/vendor/laravel/framework/src/Illuminate/Container/Container.php:504
